<?xml version="1.0" encoding="UTF-8"?>
<coverage generated="1511258786075" clover="3.2.0">
  <project timestamp="1511258786075" name="All files">
    <metrics statements="20" coveredstatements="18" conditionals="12" coveredconditionals="7" methods="5" coveredmethods="5" elements="37" coveredelements="30" complexity="0" loc="20" ncloc="20" packages="1" files="1" classes="1">
      <file name="index.tsx" path="/home/adnan/Desktop/bluerain-plugin-material--ui/src/index.tsx">
        <metrics statements="20" coveredstatements="18" conditionals="12" coveredconditionals="7" methods="5" coveredmethods="5"/>
        <line num="8" count="5" type="stmt"/>
        <line num="10" count="5" type="cond" truecount="2" falsecount="2"/>
        <line num="11" count="0" type="stmt"/>
        <line num="14" count="5" type="stmt"/>
        <line num="15" count="5" type="stmt"/>
        <line num="17" count="5" type="cond" truecount="1" falsecount="1"/>
        <line num="19" count="5" type="stmt"/>
        <line num="27" count="1" type="stmt"/>
        <line num="29" count="1" type="stmt"/>
        <line num="30" count="1" type="stmt"/>
        <line num="32" count="4" type="cond" truecount="1" falsecount="1"/>
        <line num="34" count="2" type="stmt"/>
        <line num="35" count="2" type="cond" truecount="2" falsecount="0"/>
        <line num="36" count="1" type="stmt"/>
        <line num="40" count="2" type="stmt"/>
        <line num="44" count="5" type="stmt"/>
        <line num="47" count="5" type="cond" truecount="1" falsecount="1"/>
        <line num="48" count="0" type="stmt"/>
        <line num="51" count="5" type="stmt"/>
        <line num="55" count="1" type="stmt"/>
      </file>
    </metrics>
  </project>
</coverage>
