{"/home/adnan/Desktop/bluerain-plugin-material--ui/src/index.tsx": {"path":"/home/adnan/Desktop/bluerain-plugin-material--ui/src/index.tsx","statementMap":{"0":{"start":{"line":8,"column":16},"end":{"line":20,"column":1}},"1":{"start":{"line":8,"column":37},"end":{"line":20,"column":1}},"2":{"start":{"line":10,"column":1},"end":{"line":12,"column":2}},"3":{"start":{"line":11,"column":2},"end":{"line":11,"column":31}},"4":{"start":{"line":14,"column":1},"end":{"line":14,"column":53}},"5":{"start":{"line":15,"column":18},"end":{"line":15,"column":36}},"6":{"start":{"line":17,"column":15},"end":{"line":17,"column":57}},"7":{"start":{"line":19,"column":1},"end":{"line":19,"column":100}},"8":{"start":{"line":27,"column":0},"end":{"line":27,"column":37}},"9":{"start":{"line":27,"column":31},"end":{"line":27,"column":37}},"10":{"start":{"line":32,"column":8},"end":{"line":54,"column":2}},"11":{"start":{"line":32,"column":19},"end":{"line":32,"column":30}},"12":{"start":{"line":34,"column":14},"end":{"line":34,"column":38}},"13":{"start":{"line":35,"column":2},"end":{"line":37,"column":3}},"14":{"start":{"line":36,"column":3},"end":{"line":36,"column":14}},"15":{"start":{"line":40,"column":2},"end":{"line":53,"column":4}},"16":{"start":{"line":44,"column":16},"end":{"line":44,"column":40}},"17":{"start":{"line":47,"column":1},"end":{"line":49,"column":2}},"18":{"start":{"line":48,"column":2},"end":{"line":48,"column":50}},"19":{"start":{"line":51,"column":1},"end":{"line":51,"column":15}},"20":{"start":{"line":29,"column":8},"end":{"line":29,"column":40}},"21":{"start":{"line":30,"column":8},"end":{"line":30,"column":29}},"22":{"start":{"line":55,"column":0},"end":{"line":55,"column":1}}},"fnMap":{"0":{"name":"(anonymous_6)","decl":{"start":{"line":8,"column":16},"end":{"line":8,"column":16}},"loc":{"start":{"line":8,"column":32},"end":{"line":20,"column":1}}},"1":{"name":"(anonymous_7)","decl":{"start":{"line":8,"column":37},"end":{"line":8,"column":37}},"loc":{"start":{"line":8,"column":69},"end":{"line":20,"column":1}}},"2":{"name":"(anonymous_8)","decl":{"start":{"line":27,"column":0},"end":{"line":null,"column":-1}},"loc":{"start":{"line":27,"column":0},"end":{"line":27,"column":-1}}},"3":{"name":"(anonymous_10)","decl":{"start":{"line":32,"column":1},"end":{"line":32,"column":18}},"loc":{"start":{"line":32,"column":44},"end":{"line":54,"column":2}}},"4":{"name":"AddMUI","decl":{"start":{"line":42,"column":6},"end":{"line":42,"column":21}},"loc":{"start":{"line":42,"column":25},"end":{"line":52,"column":1}}}},"branchMap":{"0":{"loc":{"start":{"line":10,"column":1},"end":{"line":12,"column":2}},"type":"if","locations":[{"start":{"line":10,"column":1},"end":{"line":12,"column":2}},{"start":{"line":10,"column":1},"end":{"line":12,"column":2}}]},"1":{"loc":{"start":{"line":10,"column":5},"end":{"line":10,"column":29}},"type":"binary-expr","locations":[{"start":{"line":10,"column":5},"end":{"line":10,"column":29}},{"start":{"line":10,"column":33},"end":{"line":10,"column":61}}]},"2":{"loc":{"start":{"line":17,"column":42},"end":{"line":17,"column":47}},"type":"cond-expr","locations":[{"start":{"line":17,"column":42},"end":{"line":17,"column":47}},{"start":{"line":17,"column":50},"end":{"line":17,"column":55}}]},"3":{"loc":{"start":{"line":32,"column":19},"end":{"line":32,"column":30}},"type":"if","locations":[{"start":{"line":32,"column":19},"end":{"line":32,"column":30}},{"start":{"line":32,"column":19},"end":{"line":32,"column":30}}]},"4":{"loc":{"start":{"line":35,"column":2},"end":{"line":37,"column":3}},"type":"if","locations":[{"start":{"line":35,"column":2},"end":{"line":37,"column":3}},{"start":{"line":35,"column":2},"end":{"line":37,"column":3}}]},"5":{"loc":{"start":{"line":47,"column":1},"end":{"line":49,"column":2}},"type":"if","locations":[{"start":{"line":47,"column":1},"end":{"line":49,"column":2}},{"start":{"line":47,"column":1},"end":{"line":49,"column":2}}]}},"s":{"0":1,"1":5,"2":5,"3":0,"4":5,"5":5,"6":5,"7":5,"8":1,"9":1,"10":1,"11":4,"12":2,"13":2,"14":1,"15":2,"16":5,"17":5,"18":0,"19":5,"20":1,"21":1,"22":1},"f":{"0":5,"1":5,"2":1,"3":2,"4":5},"b":{"0":[0,5],"1":[5,0],"2":[0,5],"3":[2,0],"4":[1,1],"5":[0,5]}}
}
