TN:
SF:/home/adnan/Desktop/bluerain-plugin-material--ui/src/index.tsx
FN:8,(anonymous_6)
FN:8,(anonymous_7)
FN:27,(anonymous_8)
FN:32,(anonymous_10)
FN:42,AddMUI
FNF:5
FNH:5
FNDA:5,(anonymous_6)
FNDA:5,(anonymous_7)
FNDA:1,(anonymous_8)
FNDA:2,(anonymous_10)
FNDA:5,AddMUI
DA:8,5
DA:10,5
DA:11,0
DA:14,5
DA:15,5
DA:17,5
DA:19,5
DA:27,1
DA:29,1
DA:30,1
DA:32,4
DA:34,2
DA:35,2
DA:36,1
DA:40,2
DA:44,5
DA:47,5
DA:48,0
DA:51,5
DA:55,1
LF:20
LH:18
BRDA:10,0,0,0
BRDA:10,0,1,5
BRDA:10,1,0,5
BRDA:10,1,1,0
BRDA:17,2,0,0
BRDA:17,2,1,5
BRDA:32,3,0,2
BRDA:32,3,1,0
BRDA:35,4,0,1
BRDA:35,4,1,1
BRDA:47,5,0,0
BRDA:47,5,1,5
BRF:12
BRH:7
end_of_record
